{"/Users/stefanosathanasoulias/reactive-thesis/src/main/components/JSCodeshiftWrapper.js": {"path":"/Users/stefanosathanasoulias/reactive-thesis/src/main/components/JSCodeshiftWrapper.js","statementMap":{"0":{"start":{"line":1,"column":20},"end":{"line":1,"column":42}},"1":{"start":{"line":6,"column":8},"end":{"line":8,"column":11}},"2":{"start":{"line":12,"column":0},"end":{"line":15,"column":3}}},"fnMap":{"0":{"name":"(anonymous_0)","decl":{"start":{"line":5,"column":4},"end":{"line":5,"column":5}},"loc":{"start":{"line":5,"column":23},"end":{"line":9,"column":5}},"line":5}},"branchMap":{},"s":{"0":4,"1":8,"2":4},"f":{"0":8},"b":{},"_coverageSchema":"43e27e138ebf9cfc5966b082cf9a028302ed4184","hash":"790e753b75c2a73aec1b0fee5e4ccd9e2be410b2"}
,"/Users/stefanosathanasoulias/reactive-thesis/src/main/components/findOperators.js": {"path":"/Users/stefanosathanasoulias/reactive-thesis/src/main/components/findOperators.js","statementMap":{"0":{"start":{"line":1,"column":15},"end":{"line":1,"column":17}},"1":{"start":{"line":14,"column":0},"end":{"line":31,"column":2}},"2":{"start":{"line":16,"column":22},"end":{"line":16,"column":45}},"3":{"start":{"line":18,"column":27},"end":{"line":18,"column":28}},"4":{"start":{"line":19,"column":4},"end":{"line":23,"column":7}},"5":{"start":{"line":20,"column":8},"end":{"line":22,"column":9}},"6":{"start":{"line":21,"column":12},"end":{"line":21,"column":31}},"7":{"start":{"line":24,"column":4},"end":{"line":28,"column":5}},"8":{"start":{"line":25,"column":8},"end":{"line":25,"column":81}},"9":{"start":{"line":27,"column":8},"end":{"line":27,"column":65}},"10":{"start":{"line":30,"column":4},"end":{"line":30,"column":27}},"11":{"start":{"line":33,"column":0},"end":{"line":33,"column":26}}},"fnMap":{"0":{"name":"(anonymous_0)","decl":{"start":{"line":14,"column":25},"end":{"line":14,"column":26}},"loc":{"start":{"line":14,"column":60},"end":{"line":31,"column":1}},"line":14},"1":{"name":"(anonymous_1)","decl":{"start":{"line":19,"column":22},"end":{"line":19,"column":23}},"loc":{"start":{"line":19,"column":27},"end":{"line":23,"column":5}},"line":19}},"branchMap":{"0":{"loc":{"start":{"line":20,"column":8},"end":{"line":22,"column":9}},"type":"if","locations":[{"start":{"line":20,"column":8},"end":{"line":22,"column":9}},{"start":{"line":20,"column":8},"end":{"line":22,"column":9}}],"line":20},"1":{"loc":{"start":{"line":24,"column":4},"end":{"line":28,"column":5}},"type":"if","locations":[{"start":{"line":24,"column":4},"end":{"line":28,"column":5}},{"start":{"line":24,"column":4},"end":{"line":28,"column":5}}],"line":24}},"s":{"0":3,"1":3,"2":6,"3":6,"4":6,"5":150,"6":18,"7":6,"8":4,"9":2,"10":6,"11":3},"f":{"0":6,"1":150},"b":{"0":[18,132],"1":[4,2]},"_coverageSchema":"43e27e138ebf9cfc5966b082cf9a028302ed4184","hash":"11212ac2a0f2a6805ddef909ce9e5502dea1c065"}
,"/Users/stefanosathanasoulias/reactive-thesis/src/main/components/operatorsUse.js": {"path":"/Users/stefanosathanasoulias/reactive-thesis/src/main/components/operatorsUse.js","statementMap":{"0":{"start":{"line":1,"column":9},"end":{"line":1,"column":22}},"1":{"start":{"line":2,"column":15},"end":{"line":2,"column":17}},"2":{"start":{"line":3,"column":17},"end":{"line":3,"column":39}},"3":{"start":{"line":4,"column":18},"end":{"line":4,"column":41}},"4":{"start":{"line":5,"column":18},"end":{"line":5,"column":39}},"5":{"start":{"line":6,"column":14},"end":{"line":6,"column":24}},"6":{"start":{"line":7,"column":16},"end":{"line":7,"column":71}},"7":{"start":{"line":21,"column":0},"end":{"line":89,"column":2}},"8":{"start":{"line":22,"column":22},"end":{"line":22,"column":45}},"9":{"start":{"line":23,"column":25},"end":{"line":23,"column":27}},"10":{"start":{"line":24,"column":28},"end":{"line":24,"column":30}},"11":{"start":{"line":25,"column":16},"end":{"line":25,"column":17}},"12":{"start":{"line":26,"column":25},"end":{"line":26,"column":27}},"13":{"start":{"line":27,"column":28},"end":{"line":27,"column":30}},"14":{"start":{"line":28,"column":17},"end":{"line":28,"column":19}},"15":{"start":{"line":30,"column":4},"end":{"line":40,"column":6}},"16":{"start":{"line":31,"column":8},"end":{"line":39,"column":9}},"17":{"start":{"line":32,"column":12},"end":{"line":32,"column":62}},"18":{"start":{"line":33,"column":12},"end":{"line":35,"column":13}},"19":{"start":{"line":34,"column":16},"end":{"line":34,"column":48}},"20":{"start":{"line":36,"column":12},"end":{"line":38,"column":13}},"21":{"start":{"line":37,"column":16},"end":{"line":37,"column":51}},"22":{"start":{"line":42,"column":4},"end":{"line":46,"column":6}},"23":{"start":{"line":48,"column":4},"end":{"line":70,"column":7}},"24":{"start":{"line":49,"column":8},"end":{"line":49,"column":27}},"25":{"start":{"line":49,"column":17},"end":{"line":49,"column":27}},"26":{"start":{"line":50,"column":8},"end":{"line":59,"column":10}},"27":{"start":{"line":51,"column":12},"end":{"line":51,"column":62}},"28":{"start":{"line":52,"column":12},"end":{"line":58,"column":13}},"29":{"start":{"line":53,"column":16},"end":{"line":57,"column":18}},"30":{"start":{"line":60,"column":8},"end":{"line":60,"column":55}},"31":{"start":{"line":61,"column":8},"end":{"line":61,"column":39}},"32":{"start":{"line":64,"column":8},"end":{"line":64,"column":47}},"33":{"start":{"line":66,"column":8},"end":{"line":68,"column":11}},"34":{"start":{"line":72,"column":4},"end":{"line":76,"column":5}},"35":{"start":{"line":73,"column":8},"end":{"line":73,"column":86}},"36":{"start":{"line":75,"column":8},"end":{"line":75,"column":59}},"37":{"start":{"line":78,"column":27},"end":{"line":87,"column":5}},"38":{"start":{"line":79,"column":8},"end":{"line":79,"column":27}},"39":{"start":{"line":79,"column":17},"end":{"line":79,"column":27}},"40":{"start":{"line":80,"column":8},"end":{"line":86,"column":10}},"41":{"start":{"line":81,"column":12},"end":{"line":85,"column":13}},"42":{"start":{"line":82,"column":16},"end":{"line":82,"column":100}},"43":{"start":{"line":84,"column":16},"end":{"line":84,"column":82}},"44":{"start":{"line":88,"column":4},"end":{"line":88,"column":28}},"45":{"start":{"line":91,"column":0},"end":{"line":91,"column":26}}},"fnMap":{"0":{"name":"(anonymous_0)","decl":{"start":{"line":21,"column":24},"end":{"line":21,"column":25}},"loc":{"start":{"line":21,"column":58},"end":{"line":89,"column":1}},"line":21},"1":{"name":"(anonymous_1)","decl":{"start":{"line":30,"column":22},"end":{"line":30,"column":23}},"loc":{"start":{"line":30,"column":27},"end":{"line":40,"column":5}},"line":30},"2":{"name":"(anonymous_2)","decl":{"start":{"line":48,"column":21},"end":{"line":48,"column":22}},"loc":{"start":{"line":48,"column":36},"end":{"line":70,"column":5}},"line":48},"3":{"name":"(anonymous_3)","decl":{"start":{"line":50,"column":34},"end":{"line":50,"column":35}},"loc":{"start":{"line":50,"column":46},"end":{"line":59,"column":9}},"line":50},"4":{"name":"(anonymous_4)","decl":{"start":{"line":78,"column":27},"end":{"line":78,"column":28}},"loc":{"start":{"line":78,"column":47},"end":{"line":87,"column":5}},"line":78},"5":{"name":"(anonymous_5)","decl":{"start":{"line":80,"column":87},"end":{"line":80,"column":88}},"loc":{"start":{"line":80,"column":102},"end":{"line":86,"column":9}},"line":80}},"branchMap":{"0":{"loc":{"start":{"line":31,"column":8},"end":{"line":39,"column":9}},"type":"if","locations":[{"start":{"line":31,"column":8},"end":{"line":39,"column":9}},{"start":{"line":31,"column":8},"end":{"line":39,"column":9}}],"line":31},"1":{"loc":{"start":{"line":33,"column":12},"end":{"line":35,"column":13}},"type":"if","locations":[{"start":{"line":33,"column":12},"end":{"line":35,"column":13}},{"start":{"line":33,"column":12},"end":{"line":35,"column":13}}],"line":33},"2":{"loc":{"start":{"line":33,"column":16},"end":{"line":33,"column":84}},"type":"binary-expr","locations":[{"start":{"line":33,"column":17},"end":{"line":33,"column":40}},{"start":{"line":33,"column":46},"end":{"line":33,"column":83}}],"line":33},"3":{"loc":{"start":{"line":36,"column":12},"end":{"line":38,"column":13}},"type":"if","locations":[{"start":{"line":36,"column":12},"end":{"line":38,"column":13}},{"start":{"line":36,"column":12},"end":{"line":38,"column":13}}],"line":36},"4":{"loc":{"start":{"line":36,"column":16},"end":{"line":36,"column":97}},"type":"binary-expr","locations":[{"start":{"line":36,"column":17},"end":{"line":36,"column":50}},{"start":{"line":36,"column":56},"end":{"line":36,"column":96}}],"line":36},"5":{"loc":{"start":{"line":49,"column":8},"end":{"line":49,"column":27}},"type":"if","locations":[{"start":{"line":49,"column":8},"end":{"line":49,"column":27}},{"start":{"line":49,"column":8},"end":{"line":49,"column":27}}],"line":49},"6":{"loc":{"start":{"line":52,"column":12},"end":{"line":58,"column":13}},"type":"if","locations":[{"start":{"line":52,"column":12},"end":{"line":58,"column":13}},{"start":{"line":52,"column":12},"end":{"line":58,"column":13}}],"line":52},"7":{"loc":{"start":{"line":72,"column":4},"end":{"line":76,"column":5}},"type":"if","locations":[{"start":{"line":72,"column":4},"end":{"line":76,"column":5}},{"start":{"line":72,"column":4},"end":{"line":76,"column":5}}],"line":72},"8":{"loc":{"start":{"line":79,"column":8},"end":{"line":79,"column":27}},"type":"if","locations":[{"start":{"line":79,"column":8},"end":{"line":79,"column":27}},{"start":{"line":79,"column":8},"end":{"line":79,"column":27}}],"line":79},"9":{"loc":{"start":{"line":81,"column":12},"end":{"line":85,"column":13}},"type":"if","locations":[{"start":{"line":81,"column":12},"end":{"line":85,"column":13}},{"start":{"line":81,"column":12},"end":{"line":85,"column":13}}],"line":81}},"s":{"0":1,"1":1,"2":1,"3":1,"4":1,"5":1,"6":1,"7":1,"8":2,"9":2,"10":2,"11":2,"12":2,"13":2,"14":2,"15":2,"16":50,"17":8,"18":8,"19":4,"20":8,"21":2,"22":2,"23":2,"24":0,"25":0,"26":0,"27":0,"28":0,"29":0,"30":0,"31":0,"32":0,"33":0,"34":2,"35":2,"36":0,"37":2,"38":0,"39":0,"40":0,"41":0,"42":0,"43":0,"44":2,"45":1},"f":{"0":2,"1":50,"2":0,"3":0,"4":0,"5":0},"b":{"0":[8,42],"1":[4,4],"2":[8,8],"3":[2,6],"4":[8,4],"5":[0,0],"6":[0,0],"7":[2,0],"8":[0,0],"9":[0,0]},"_coverageSchema":"43e27e138ebf9cfc5966b082cf9a028302ed4184","hash":"7e0e3254fb921a47f214812db47f3eb247e653e9"}
,"/Users/stefanosathanasoulias/reactive-thesis/src/main/utils/fileutils.js": {"path":"/Users/stefanosathanasoulias/reactive-thesis/src/main/utils/fileutils.js","statementMap":{"0":{"start":{"line":1,"column":11},"end":{"line":1,"column":24}},"1":{"start":{"line":2,"column":13},"end":{"line":2,"column":28}},"2":{"start":{"line":3,"column":13},"end":{"line":3,"column":28}},"3":{"start":{"line":4,"column":11},"end":{"line":4,"column":26}},"4":{"start":{"line":11,"column":0},"end":{"line":30,"column":1}},"5":{"start":{"line":12,"column":17},"end":{"line":14,"column":6}},"6":{"start":{"line":15,"column":16},"end":{"line":15,"column":18}},"7":{"start":{"line":16,"column":4},"end":{"line":25,"column":7}},"8":{"start":{"line":17,"column":8},"end":{"line":24,"column":11}},"9":{"start":{"line":19,"column":12},"end":{"line":22,"column":15}},"10":{"start":{"line":23,"column":12},"end":{"line":23,"column":19}},"11":{"start":{"line":27,"column":4},"end":{"line":29,"column":7}},"12":{"start":{"line":28,"column":8},"end":{"line":28,"column":24}},"13":{"start":{"line":32,"column":0},"end":{"line":34,"column":1}},"14":{"start":{"line":33,"column":4},"end":{"line":33,"column":45}},"15":{"start":{"line":36,"column":0},"end":{"line":38,"column":1}},"16":{"start":{"line":37,"column":4},"end":{"line":37,"column":49}},"17":{"start":{"line":45,"column":0},"end":{"line":47,"column":1}},"18":{"start":{"line":46,"column":4},"end":{"line":46,"column":57}}},"fnMap":{"0":{"name":"readDirectory","decl":{"start":{"line":11,"column":33},"end":{"line":11,"column":46}},"loc":{"start":{"line":11,"column":75},"end":{"line":30,"column":1}},"line":11},"1":{"name":"(anonymous_1)","decl":{"start":{"line":16,"column":22},"end":{"line":16,"column":23}},"loc":{"start":{"line":16,"column":50},"end":{"line":25,"column":5}},"line":16},"2":{"name":"(anonymous_2)","decl":{"start":{"line":17,"column":48},"end":{"line":17,"column":49}},"loc":{"start":{"line":17,"column":73},"end":{"line":24,"column":9}},"line":17},"3":{"name":"(anonymous_3)","decl":{"start":{"line":27,"column":21},"end":{"line":27,"column":22}},"loc":{"start":{"line":27,"column":33},"end":{"line":29,"column":5}},"line":27},"4":{"name":"readFileSync","decl":{"start":{"line":32,"column":32},"end":{"line":32,"column":44}},"loc":{"start":{"line":32,"column":55},"end":{"line":34,"column":1}},"line":32},"5":{"name":"writeFileSync","decl":{"start":{"line":36,"column":33},"end":{"line":36,"column":46}},"loc":{"start":{"line":36,"column":66},"end":{"line":38,"column":1}},"line":36},"6":{"name":"getJSFiles","decl":{"start":{"line":45,"column":34},"end":{"line":45,"column":44}},"loc":{"start":{"line":45,"column":56},"end":{"line":47,"column":1}},"line":45}},"branchMap":{},"s":{"0":4,"1":4,"2":4,"3":4,"4":4,"5":0,"6":0,"7":0,"8":0,"9":0,"10":0,"11":0,"12":0,"13":4,"14":8,"15":4,"16":0,"17":4,"18":1},"f":{"0":0,"1":0,"2":0,"3":0,"4":8,"5":0,"6":1},"b":{},"_coverageSchema":"43e27e138ebf9cfc5966b082cf9a028302ed4184","hash":"6926299f014ecf9c10dfcd4e40eddcba17784948"}
}
