{"/Users/stefanosathanasoulias/reactive-thesis/src/main/components/JSCodeshiftWrapper.js": {"path":"/Users/stefanosathanasoulias/reactive-thesis/src/main/components/JSCodeshiftWrapper.js","statementMap":{"0":{"start":{"line":1,"column":20},"end":{"line":1,"column":42}},"1":{"start":{"line":6,"column":8},"end":{"line":8,"column":11}},"2":{"start":{"line":12,"column":0},"end":{"line":15,"column":3}}},"fnMap":{"0":{"name":"(anonymous_0)","decl":{"start":{"line":5,"column":4},"end":{"line":5,"column":5}},"loc":{"start":{"line":5,"column":23},"end":{"line":9,"column":5}},"line":5}},"branchMap":{},"s":{"0":3,"1":6,"2":3},"f":{"0":6},"b":{},"_coverageSchema":"43e27e138ebf9cfc5966b082cf9a028302ed4184","hash":"790e753b75c2a73aec1b0fee5e4ccd9e2be410b2"}
,"/Users/stefanosathanasoulias/reactive-thesis/src/main/components/findOperators.js": {"path":"/Users/stefanosathanasoulias/reactive-thesis/src/main/components/findOperators.js","statementMap":{"0":{"start":{"line":1,"column":15},"end":{"line":1,"column":17}},"1":{"start":{"line":14,"column":0},"end":{"line":35,"column":2}},"2":{"start":{"line":16,"column":22},"end":{"line":16,"column":45}},"3":{"start":{"line":18,"column":27},"end":{"line":18,"column":28}},"4":{"start":{"line":19,"column":4},"end":{"line":23,"column":7}},"5":{"start":{"line":20,"column":8},"end":{"line":22,"column":9}},"6":{"start":{"line":21,"column":12},"end":{"line":21,"column":31}},"7":{"start":{"line":24,"column":4},"end":{"line":28,"column":5}},"8":{"start":{"line":25,"column":8},"end":{"line":25,"column":81}},"9":{"start":{"line":27,"column":8},"end":{"line":27,"column":65}},"10":{"start":{"line":34,"column":4},"end":{"line":34,"column":27}},"11":{"start":{"line":37,"column":0},"end":{"line":37,"column":26}}},"fnMap":{"0":{"name":"(anonymous_0)","decl":{"start":{"line":14,"column":25},"end":{"line":14,"column":26}},"loc":{"start":{"line":14,"column":60},"end":{"line":35,"column":1}},"line":14},"1":{"name":"(anonymous_1)","decl":{"start":{"line":19,"column":22},"end":{"line":19,"column":23}},"loc":{"start":{"line":19,"column":27},"end":{"line":23,"column":5}},"line":19}},"branchMap":{"0":{"loc":{"start":{"line":20,"column":8},"end":{"line":22,"column":9}},"type":"if","locations":[{"start":{"line":20,"column":8},"end":{"line":22,"column":9}},{"start":{"line":20,"column":8},"end":{"line":22,"column":9}}],"line":20},"1":{"loc":{"start":{"line":24,"column":4},"end":{"line":28,"column":5}},"type":"if","locations":[{"start":{"line":24,"column":4},"end":{"line":28,"column":5}},{"start":{"line":24,"column":4},"end":{"line":28,"column":5}}],"line":24}},"s":{"0":3,"1":3,"2":6,"3":6,"4":6,"5":150,"6":18,"7":6,"8":4,"9":2,"10":6,"11":3},"f":{"0":6,"1":150},"b":{"0":[18,132],"1":[4,2]},"_coverageSchema":"43e27e138ebf9cfc5966b082cf9a028302ed4184","hash":"1d6b09855857b500db4d66794974e4cbcacd77c9"}
,"/Users/stefanosathanasoulias/reactive-thesis/src/main/utils/fileutils.js": {"path":"/Users/stefanosathanasoulias/reactive-thesis/src/main/utils/fileutils.js","statementMap":{"0":{"start":{"line":1,"column":11},"end":{"line":1,"column":24}},"1":{"start":{"line":2,"column":13},"end":{"line":2,"column":28}},"2":{"start":{"line":3,"column":13},"end":{"line":3,"column":28}},"3":{"start":{"line":4,"column":11},"end":{"line":4,"column":26}},"4":{"start":{"line":11,"column":0},"end":{"line":30,"column":1}},"5":{"start":{"line":12,"column":17},"end":{"line":14,"column":6}},"6":{"start":{"line":15,"column":16},"end":{"line":15,"column":18}},"7":{"start":{"line":16,"column":4},"end":{"line":25,"column":7}},"8":{"start":{"line":17,"column":8},"end":{"line":24,"column":11}},"9":{"start":{"line":19,"column":12},"end":{"line":22,"column":15}},"10":{"start":{"line":23,"column":12},"end":{"line":23,"column":19}},"11":{"start":{"line":27,"column":4},"end":{"line":29,"column":7}},"12":{"start":{"line":28,"column":8},"end":{"line":28,"column":24}},"13":{"start":{"line":32,"column":0},"end":{"line":34,"column":1}},"14":{"start":{"line":33,"column":4},"end":{"line":33,"column":45}},"15":{"start":{"line":36,"column":0},"end":{"line":38,"column":1}},"16":{"start":{"line":37,"column":4},"end":{"line":37,"column":49}},"17":{"start":{"line":45,"column":0},"end":{"line":47,"column":1}},"18":{"start":{"line":46,"column":4},"end":{"line":46,"column":57}}},"fnMap":{"0":{"name":"readDirectory","decl":{"start":{"line":11,"column":33},"end":{"line":11,"column":46}},"loc":{"start":{"line":11,"column":75},"end":{"line":30,"column":1}},"line":11},"1":{"name":"(anonymous_1)","decl":{"start":{"line":16,"column":22},"end":{"line":16,"column":23}},"loc":{"start":{"line":16,"column":50},"end":{"line":25,"column":5}},"line":16},"2":{"name":"(anonymous_2)","decl":{"start":{"line":17,"column":48},"end":{"line":17,"column":49}},"loc":{"start":{"line":17,"column":73},"end":{"line":24,"column":9}},"line":17},"3":{"name":"(anonymous_3)","decl":{"start":{"line":27,"column":21},"end":{"line":27,"column":22}},"loc":{"start":{"line":27,"column":33},"end":{"line":29,"column":5}},"line":27},"4":{"name":"readFileSync","decl":{"start":{"line":32,"column":32},"end":{"line":32,"column":44}},"loc":{"start":{"line":32,"column":55},"end":{"line":34,"column":1}},"line":32},"5":{"name":"writeFileSync","decl":{"start":{"line":36,"column":33},"end":{"line":36,"column":46}},"loc":{"start":{"line":36,"column":66},"end":{"line":38,"column":1}},"line":36},"6":{"name":"getJSFiles","decl":{"start":{"line":45,"column":34},"end":{"line":45,"column":44}},"loc":{"start":{"line":45,"column":56},"end":{"line":47,"column":1}},"line":45}},"branchMap":{},"s":{"0":3,"1":3,"2":3,"3":3,"4":3,"5":0,"6":0,"7":0,"8":0,"9":0,"10":0,"11":0,"12":0,"13":3,"14":6,"15":3,"16":0,"17":3,"18":1},"f":{"0":0,"1":0,"2":0,"3":0,"4":6,"5":0,"6":1},"b":{},"_coverageSchema":"43e27e138ebf9cfc5966b082cf9a028302ed4184","hash":"6926299f014ecf9c10dfcd4e40eddcba17784948"}
}
