TN:
SF:/Users/stefanosathanasoulias/reactive-thesis/src/main/components/JSCodeshiftWrapper.js
FN:5,(anonymous_0)
FNF:1
FNH:1
FNDA:6,(anonymous_0)
DA:1,3
DA:6,6
DA:12,3
LF:3
LH:3
BRF:0
BRH:0
end_of_record
TN:
SF:/Users/stefanosathanasoulias/reactive-thesis/src/main/components/findOperators.js
FN:14,(anonymous_0)
FN:19,(anonymous_1)
FNF:2
FNH:2
FNDA:6,(anonymous_0)
FNDA:150,(anonymous_1)
DA:1,3
DA:14,3
DA:16,6
DA:18,6
DA:19,6
DA:20,150
DA:21,18
DA:24,6
DA:25,4
DA:27,2
DA:34,6
DA:37,3
LF:12
LH:12
BRDA:20,0,0,18
BRDA:20,0,1,132
BRDA:24,1,0,4
BRDA:24,1,1,2
BRF:4
BRH:4
end_of_record
TN:
SF:/Users/stefanosathanasoulias/reactive-thesis/src/main/utils/fileutils.js
FN:11,readDirectory
FN:16,(anonymous_1)
FN:17,(anonymous_2)
FN:27,(anonymous_3)
FN:32,readFileSync
FN:36,writeFileSync
FN:45,getJSFiles
FNF:7
FNH:2
FNDA:0,readDirectory
FNDA:0,(anonymous_1)
FNDA:0,(anonymous_2)
FNDA:0,(anonymous_3)
FNDA:6,readFileSync
FNDA:0,writeFileSync
FNDA:1,getJSFiles
DA:1,3
DA:2,3
DA:3,3
DA:4,3
DA:11,3
DA:12,0
DA:15,0
DA:16,0
DA:17,0
DA:19,0
DA:23,0
DA:27,0
DA:28,0
DA:32,3
DA:33,6
DA:36,3
DA:37,0
DA:45,3
DA:46,1
LF:19
LH:10
BRF:0
BRH:0
end_of_record
