TN:
SF:/Users/stefanosathanasoulias/reactive-thesis/src/main/components/JSCodeshiftWrapper.js
FN:5,(anonymous_0)
FNF:1
FNH:1
FNDA:8,(anonymous_0)
DA:1,4
DA:6,8
DA:12,4
LF:3
LH:3
BRF:0
BRH:0
end_of_record
TN:
SF:/Users/stefanosathanasoulias/reactive-thesis/src/main/components/findOperators.js
FN:14,(anonymous_0)
FN:19,(anonymous_1)
FNF:2
FNH:2
FNDA:6,(anonymous_0)
FNDA:150,(anonymous_1)
DA:1,3
DA:14,3
DA:16,6
DA:18,6
DA:19,6
DA:20,150
DA:21,18
DA:24,6
DA:25,4
DA:27,2
DA:30,6
DA:33,3
LF:12
LH:12
BRDA:20,0,0,18
BRDA:20,0,1,132
BRDA:24,1,0,4
BRDA:24,1,1,2
BRF:4
BRH:4
end_of_record
TN:
SF:/Users/stefanosathanasoulias/reactive-thesis/src/main/components/operatorsUse.js
FN:21,(anonymous_0)
FN:30,(anonymous_1)
FN:48,(anonymous_2)
FN:50,(anonymous_3)
FN:78,(anonymous_4)
FN:80,(anonymous_5)
FNF:6
FNH:2
FNDA:2,(anonymous_0)
FNDA:50,(anonymous_1)
FNDA:0,(anonymous_2)
FNDA:0,(anonymous_3)
FNDA:0,(anonymous_4)
FNDA:0,(anonymous_5)
DA:1,1
DA:2,1
DA:3,1
DA:4,1
DA:5,1
DA:6,1
DA:7,1
DA:21,1
DA:22,2
DA:23,2
DA:24,2
DA:25,2
DA:26,2
DA:27,2
DA:28,2
DA:30,2
DA:31,50
DA:32,8
DA:33,8
DA:34,4
DA:36,8
DA:37,2
DA:42,2
DA:48,2
DA:49,0
DA:50,0
DA:51,0
DA:52,0
DA:53,0
DA:60,0
DA:61,0
DA:64,0
DA:66,0
DA:72,2
DA:73,2
DA:75,0
DA:78,2
DA:79,0
DA:80,0
DA:81,0
DA:82,0
DA:84,0
DA:88,2
DA:91,1
LF:44
LH:29
BRDA:31,0,0,8
BRDA:31,0,1,42
BRDA:33,1,0,4
BRDA:33,1,1,4
BRDA:33,2,0,8
BRDA:33,2,1,8
BRDA:36,3,0,2
BRDA:36,3,1,6
BRDA:36,4,0,8
BRDA:36,4,1,4
BRDA:49,5,0,0
BRDA:49,5,1,0
BRDA:52,6,0,0
BRDA:52,6,1,0
BRDA:72,7,0,2
BRDA:72,7,1,0
BRDA:79,8,0,0
BRDA:79,8,1,0
BRDA:81,9,0,0
BRDA:81,9,1,0
BRF:20
BRH:11
end_of_record
TN:
SF:/Users/stefanosathanasoulias/reactive-thesis/src/main/utils/fileutils.js
FN:11,readDirectory
FN:16,(anonymous_1)
FN:17,(anonymous_2)
FN:27,(anonymous_3)
FN:32,readFileSync
FN:36,writeFileSync
FN:45,getJSFiles
FNF:7
FNH:2
FNDA:0,readDirectory
FNDA:0,(anonymous_1)
FNDA:0,(anonymous_2)
FNDA:0,(anonymous_3)
FNDA:8,readFileSync
FNDA:0,writeFileSync
FNDA:1,getJSFiles
DA:1,4
DA:2,4
DA:3,4
DA:4,4
DA:11,4
DA:12,0
DA:15,0
DA:16,0
DA:17,0
DA:19,0
DA:23,0
DA:27,0
DA:28,0
DA:32,4
DA:33,8
DA:36,4
DA:37,0
DA:45,4
DA:46,1
LF:19
LH:10
BRF:0
BRH:0
end_of_record
